<?xml version="1.0" encoding="UTF-8"?>
<!-- Generated by org.testng.reporters.JUnitXMLReporter -->
<testsuite ignored="3" hostname="DESKTOP-61QF0TL" failures="1" tests="1" name="Chrome Test" time="0.052" errors="0" timestamp="2024-09-09T22:49:00 IST">
  <testcase classname="testscripts.LoginPage_TestCase1" name="enterValues3" time="0.0">
    <failure type="org.testng.TestNGException" message="
Parameter &amp;apos;username&amp;apos; is required by @Test on method enterValues3 but has not been marked @Optional or defined
in C:\Users\rahul\git\rb_repo4_supermart7\Supermarket_7rmart\crossbrowsertesting.xml">
      <![CDATA[org.testng.TestNGException: 
Parameter 'username' is required by @Test on method enterValues3 but has not been marked @Optional or defined
in C:\Users\rahul\git\rb_repo4_supermart7\Supermarket_7rmart\crossbrowsertesting.xml
at java.base/java.util.ArrayList.forEach(ArrayList.java:1511)
... Removed 26 stack frames]]>
    </failure>
  </testcase> <!-- enterValues3 -->
  <testcase classname="testscripts.LoginPage_TestCase1" name="enterValues4" time="0.0">
    <ignored/>
  </testcase> <!-- enterValues4 -->
  <testcase classname="testscripts.LoginPage_TestCase1" name="enterValues1" time="0.0">
    <ignored/>
  </testcase> <!-- enterValues1 -->
  <testcase classname="testscripts.LoginPage_TestCase1" name="enterValues2" time="0.0">
    <ignored/>
  </testcase> <!-- enterValues2 -->
</testsuite> <!-- Chrome Test -->
